This is pdfTeX, Version 3.141592653-2.6-1.40.22 (TeX Live 2022/dev/Debian) (preloaded format=pdflatex 2022.4.26)  24 JUN 2022 23:08
entering extended mode
 restricted \write18 enabled.
 file:line:error style messages enabled.
 %&-line parsing enabled.
**/home/toodivz/Documents/Tesis_tex/UNAMdissertemplate.tex
(/home/toodivz/Documents/Tesis_tex/UNAMdissertemplate.tex
LaTeX2e <2021-11-15> patch level 1
L3 programming layer <2022-01-21> (/usr/share/texlive/texmf-dist/tex/latex/base/book.cls
Document Class: book 2021/10/04 v1.4n Standard LaTeX document class
(/usr/share/texlive/texmf-dist/tex/latex/base/bk12.clo
File: bk12.clo 2021/10/04 v1.4n Standard LaTeX file (size option)
)
\c@part=\count185
\c@chapter=\count186
\c@section=\count187
\c@subsection=\count188
\c@subsubsection=\count189
\c@paragraph=\count190
\c@subparagraph=\count191
\c@figure=\count192
\c@table=\count193
\abovecaptionskip=\skip47
\belowcaptionskip=\skip48
\bibindent=\dimen138
) (/usr/share/texlive/texmf-dist/tex/latex/geometry/geometry.sty
Package: geometry 2020/01/02 v5.9 Page Geometry
 (/usr/share/texlive/texmf-dist/tex/latex/graphics/keyval.sty
Package: keyval 2014/10/28 v1.15 key=value parser (DPC)
\KV@toks@=\toks16
) (/usr/share/texlive/texmf-dist/tex/generic/iftex/ifvtex.sty
Package: ifvtex 2019/10/25 v1.7 ifvtex legacy package. Use iftex instead.
 (/usr/share/texlive/texmf-dist/tex/generic/iftex/iftex.sty
Package: iftex 2020/03/06 v1.0d TeX engine tests
))
\Gm@cnth=\count194
\Gm@cntv=\count195
\c@Gm@tempcnt=\count196
\Gm@bindingoffset=\dimen139
\Gm@wd@mp=\dimen140
\Gm@odd@mp=\dimen141
\Gm@even@mp=\dimen142
\Gm@layoutwidth=\dimen143
\Gm@layoutheight=\dimen144
\Gm@layouthoffset=\dimen145
\Gm@layoutvoffset=\dimen146
\Gm@dimlist=\toks17
) (./bachelorstitlepageUNAM.sty
Package: bachelorstitlepageUNAM 20161012
 (/usr/share/texlive/texmf-dist/tex/latex/graphics/graphicx.sty
Package: graphicx 2021/09/16 v1.2d Enhanced LaTeX Graphics (DPC,SPQR)
 (/usr/share/texlive/texmf-dist/tex/latex/graphics/graphics.sty
Package: graphics 2021/03/04 v1.4d Standard LaTeX Graphics (DPC,SPQR)
 (/usr/share/texlive/texmf-dist/tex/latex/graphics/trig.sty
Package: trig 2021/08/11 v1.11 sin cos tan (DPC)
) (/usr/share/texlive/texmf-dist/tex/latex/graphics-cfg/graphics.cfg
File: graphics.cfg 2016/06/04 v1.11 sample graphics configuration
)
Package graphics Info: Driver file: pdftex.def on input line 107.
 (/usr/share/texlive/texmf-dist/tex/latex/graphics-def/pdftex.def
File: pdftex.def 2020/10/05 v1.2a Graphics/color driver for pdftex
))
\Gin@req@height=\dimen147
\Gin@req@width=\dimen148
)) (/usr/share/texlive/texmf-dist/tex/latex/base/inputenc.sty
Package: inputenc 2021/02/14 v1.3d Input encoding file
\inpenc@prehook=\toks18
\inpenc@posthook=\toks19
) (/usr/share/texlive/texmf-dist/tex/generic/ulem/ulem.sty
\UL@box=\box50
\UL@hyphenbox=\box51
\UL@skip=\skip49
\UL@hook=\toks20
\UL@height=\dimen149
\UL@pe=\count197
\UL@pixel=\dimen150
\ULC@box=\box52
Package: ulem 2019/11/18
\ULdepth=\dimen151
) (/usr/share/texlive/texmf-dist/tex/latex/amsfonts/amssymb.sty
Package: amssymb 2013/01/14 v3.01 AMS font symbols
 (/usr/share/texlive/texmf-dist/tex/latex/amsfonts/amsfonts.sty
Package: amsfonts 2013/01/14 v3.01 Basic AMSFonts support
\@emptytoks=\toks21
\symAMSa=\mathgroup4
\symAMSb=\mathgroup5
LaTeX Font Info:    Redeclaring math symbol \hbar on input line 98.
LaTeX Font Info:    Overwriting math alphabet `\mathfrak' in version `bold'
(Font)                  U/euf/m/n --> U/euf/b/n on input line 106.
)) (/usr/share/texlive/texmf-dist/tex/latex/amsmath/amsmath.sty
Package: amsmath 2021/10/15 v2.17l AMS math features
\@mathmargin=\skip50

For additional information on amsmath, use the `?' option.
(/usr/share/texlive/texmf-dist/tex/latex/amsmath/amstext.sty
Package: amstext 2021/08/26 v2.01 AMS text
 (/usr/share/texlive/texmf-dist/tex/latex/amsmath/amsgen.sty
File: amsgen.sty 1999/11/30 v2.0 generic functions
\@emptytoks=\toks22
\ex@=\dimen152
)) (/usr/share/texlive/texmf-dist/tex/latex/amsmath/amsbsy.sty
Package: amsbsy 1999/11/29 v1.2d Bold Symbols
\pmbraise@=\dimen153
) (/usr/share/texlive/texmf-dist/tex/latex/amsmath/amsopn.sty
Package: amsopn 2021/08/26 v2.02 operator names
)
\inf@bad=\count198
LaTeX Info: Redefining \frac on input line 234.
\uproot@=\count199
\leftroot@=\count266
LaTeX Info: Redefining \overline on input line 399.
\classnum@=\count267
\DOTSCASE@=\count268
LaTeX Info: Redefining \ldots on input line 496.
LaTeX Info: Redefining \dots on input line 499.
LaTeX Info: Redefining \cdots on input line 620.
\Mathstrutbox@=\box53
\strutbox@=\box54
\big@size=\dimen154
LaTeX Font Info:    Redeclaring font encoding OML on input line 743.
LaTeX Font Info:    Redeclaring font encoding OMS on input line 744.
\macc@depth=\count269
\c@MaxMatrixCols=\count270
\dotsspace@=\muskip16
\c@parentequation=\count271
\dspbrk@lvl=\count272
\tag@help=\toks23
\row@=\count273
\column@=\count274
\maxfields@=\count275
\andhelp@=\toks24
\eqnshift@=\dimen155
\alignsep@=\dimen156
\tagshift@=\dimen157
\tagwidth@=\dimen158
\totwidth@=\dimen159
\lineht@=\dimen160
\@envbody=\toks25
\multlinegap=\skip51
\multlinetaggap=\skip52
\mathdisplay@stack=\toks26
LaTeX Info: Redefining \[ on input line 2938.
LaTeX Info: Redefining \] on input line 2939.
) (/usr/share/texlive/texmf-dist/tex/latex/caption/caption.sty
Package: caption 2020/10/26 v3.5g Customizing captions (AR)
 (/usr/share/texlive/texmf-dist/tex/latex/caption/caption3.sty
Package: caption3 2020/10/21 v2.2e caption3 kernel (AR)
\captionmargin=\dimen161
\captionmargin@=\dimen162
\captionwidth=\dimen163
\caption@tempdima=\dimen164
\caption@indent=\dimen165
\caption@parindent=\dimen166
\caption@hangindent=\dimen167
Package caption Info: Standard document class detected.
)
\c@caption@flags=\count276
\c@continuedfloat=\count277
) (/usr/share/texlive/texmf-dist/tex/latex/xcolor/xcolor.sty
Package: xcolor 2021/10/31 v2.13 LaTeX color extensions (UK)
 (/usr/share/texlive/texmf-dist/tex/latex/graphics-cfg/color.cfg
File: color.cfg 2016/01/02 v1.6 sample color configuration
)
Package xcolor Info: Driver file: pdftex.def on input line 227.
Package xcolor Info: Model `cmy' substituted by `cmy0' on input line 1352.
Package xcolor Info: Model `hsb' substituted by `rgb' on input line 1356.
Package xcolor Info: Model `RGB' extended on input line 1368.
Package xcolor Info: Model `HTML' substituted by `rgb' on input line 1370.
Package xcolor Info: Model `Hsb' substituted by `hsb' on input line 1371.
Package xcolor Info: Model `tHsb' substituted by `hsb' on input line 1372.
Package xcolor Info: Model `HSB' substituted by `hsb' on input line 1373.
Package xcolor Info: Model `Gray' substituted by `gray' on input line 1374.
Package xcolor Info: Model `wave' substituted by `hsb' on input line 1375.
 (/usr/share/texlive/texmf-dist/tex/latex/graphics/dvipsnam.def
File: dvipsnam.def 2016/06/17 v3.0m Driver-dependent file (DPC,SPQR)
)) (/usr/share/texlive/texmf-dist/tex/latex/caption/subcaption.sty
Package: subcaption 2020/10/07 v1.3j Sub-captions (AR)
\c@subfigure=\count278
\c@subtable=\count279
) (/usr/share/texlive/texmf-dist/tex/latex/base/fontenc.sty
Package: fontenc 2021/04/29 v2.0v Standard LaTeX package
) (/usr/share/texlive/texmf-dist/tex/generic/babel/babel.sty
Package: babel 2022/01/26 3.70 The Babel package
\babel@savecnt=\count280
\U@D=\dimen168
\l@unhyphenated=\language87
 (/usr/share/texlive/texmf-dist/tex/generic/babel/txtbabel.def)
\bbl@readstream=\read2
\bbl@dirlevel=\count281
 (/usr/share/texlive/texmf-dist/tex/generic/babel-spanish/spanish.ldf
Language: spanish.ldf 2021/05/27 v5.0q Spanish support from the babel system
\es@quottoks=\toks27
\es@quotdepth=\count282
Package babel Info: Making " an active character on input line 570.
Package babel Info: Making < an active character on input line 722.
Package babel Info: Making > an active character on input line 722.
)) (/usr/share/texlive/texmf-dist/tex/latex/pgf/frontendlayer/tikz.sty (/usr/share/texlive/texmf-dist/tex/latex/pgf/basiclayer/pgf.sty (/usr/share/texlive/texmf-dist/tex/latex/pgf/utilities/pgfrcs.sty (/usr/share/texlive/texmf-dist/tex/generic/pgf/utilities/pgfutil-common.tex
\pgfutil@everybye=\toks28
\pgfutil@tempdima=\dimen169
\pgfutil@tempdimb=\dimen170
 (/usr/share/texlive/texmf-dist/tex/generic/pgf/utilities/pgfutil-common-lists.tex)) (/usr/share/texlive/texmf-dist/tex/generic/pgf/utilities/pgfutil-latex.def
\pgfutil@abb=\box55
) (/usr/share/texlive/texmf-dist/tex/generic/pgf/utilities/pgfrcs.code.tex (/usr/share/texlive/texmf-dist/tex/generic/pgf/pgf.revision.tex)
Package: pgfrcs 2021/05/15 v3.1.9a (3.1.9a)
))
Package: pgf 2021/05/15 v3.1.9a (3.1.9a)
 (/usr/share/texlive/texmf-dist/tex/latex/pgf/basiclayer/pgfcore.sty (/usr/share/texlive/texmf-dist/tex/latex/pgf/systemlayer/pgfsys.sty (/usr/share/texlive/texmf-dist/tex/generic/pgf/systemlayer/pgfsys.code.tex
Package: pgfsys 2021/05/15 v3.1.9a (3.1.9a)
 (/usr/share/texlive/texmf-dist/tex/generic/pgf/utilities/pgfkeys.code.tex
\pgfkeys@pathtoks=\toks29
\pgfkeys@temptoks=\toks30
 (/usr/share/texlive/texmf-dist/tex/generic/pgf/utilities/pgfkeysfiltered.code.tex
\pgfkeys@tmptoks=\toks31
))
\pgf@x=\dimen171
\pgf@y=\dimen172
\pgf@xa=\dimen173
\pgf@ya=\dimen174
\pgf@xb=\dimen175
\pgf@yb=\dimen176
\pgf@xc=\dimen177
\pgf@yc=\dimen178
\pgf@xd=\dimen179
\pgf@yd=\dimen180
\w@pgf@writea=\write3
\r@pgf@reada=\read3
\c@pgf@counta=\count283
\c@pgf@countb=\count284
\c@pgf@countc=\count285
\c@pgf@countd=\count286
\t@pgf@toka=\toks32
\t@pgf@tokb=\toks33
\t@pgf@tokc=\toks34
\pgf@sys@id@count=\count287
 (/usr/share/texlive/texmf-dist/tex/generic/pgf/systemlayer/pgf.cfg
File: pgf.cfg 2021/05/15 v3.1.9a (3.1.9a)
)
Driver file for pgf: pgfsys-pdftex.def
 (/usr/share/texlive/texmf-dist/tex/generic/pgf/systemlayer/pgfsys-pdftex.def
File: pgfsys-pdftex.def 2021/05/15 v3.1.9a (3.1.9a)
 (/usr/share/texlive/texmf-dist/tex/generic/pgf/systemlayer/pgfsys-common-pdf.def
File: pgfsys-common-pdf.def 2021/05/15 v3.1.9a (3.1.9a)
))) (/usr/share/texlive/texmf-dist/tex/generic/pgf/systemlayer/pgfsyssoftpath.code.tex
File: pgfsyssoftpath.code.tex 2021/05/15 v3.1.9a (3.1.9a)
\pgfsyssoftpath@smallbuffer@items=\count288
\pgfsyssoftpath@bigbuffer@items=\count289
) (/usr/share/texlive/texmf-dist/tex/generic/pgf/systemlayer/pgfsysprotocol.code.tex
File: pgfsysprotocol.code.tex 2021/05/15 v3.1.9a (3.1.9a)
)) (/usr/share/texlive/texmf-dist/tex/generic/pgf/basiclayer/pgfcore.code.tex
Package: pgfcore 2021/05/15 v3.1.9a (3.1.9a)
 (/usr/share/texlive/texmf-dist/tex/generic/pgf/math/pgfmath.code.tex (/usr/share/texlive/texmf-dist/tex/generic/pgf/math/pgfmathcalc.code.tex (/usr/share/texlive/texmf-dist/tex/generic/pgf/math/pgfmathutil.code.tex) (/usr/share/texlive/texmf-dist/tex/generic/pgf/math/pgfmathparser.code.tex
\pgfmath@dimen=\dimen181
\pgfmath@count=\count290
\pgfmath@box=\box56
\pgfmath@toks=\toks35
\pgfmath@stack@operand=\toks36
\pgfmath@stack@operation=\toks37
) (/usr/share/texlive/texmf-dist/tex/generic/pgf/math/pgfmathfunctions.code.tex (/usr/share/texlive/texmf-dist/tex/generic/pgf/math/pgfmathfunctions.basic.code.tex) (/usr/share/texlive/texmf-dist/tex/generic/pgf/math/pgfmathfunctions.trigonometric.code.tex) (/usr/share/texlive/texmf-dist/tex/generic/pgf/math/pgfmathfunctions.random.code.tex) (/usr/share/texlive/texmf-dist/tex/generic/pgf/math/pgfmathfunctions.comparison.code.tex) (/usr/share/texlive/texmf-dist/tex/generic/pgf/math/pgfmathfunctions.base.code.tex) (/usr/share/texlive/texmf-dist/tex/generic/pgf/math/pgfmathfunctions.round.code.tex) (/usr/share/texlive/texmf-dist/tex/generic/pgf/math/pgfmathfunctions.misc.code.tex) (/usr/share/texlive/texmf-dist/tex/generic/pgf/math/pgfmathfunctions.integerarithmetics.code.tex))) (/usr/share/texlive/texmf-dist/tex/generic/pgf/math/pgfmathfloat.code.tex
\c@pgfmathroundto@lastzeros=\count291
)) (/usr/share/texlive/texmf-dist/tex/generic/pgf/math/pgfint.code.tex) (/usr/share/texlive/texmf-dist/tex/generic/pgf/basiclayer/pgfcorepoints.code.tex
File: pgfcorepoints.code.tex 2021/05/15 v3.1.9a (3.1.9a)
\pgf@picminx=\dimen182
\pgf@picmaxx=\dimen183
\pgf@picminy=\dimen184
\pgf@picmaxy=\dimen185
\pgf@pathminx=\dimen186
\pgf@pathmaxx=\dimen187
\pgf@pathminy=\dimen188
\pgf@pathmaxy=\dimen189
\pgf@xx=\dimen190
\pgf@xy=\dimen191
\pgf@yx=\dimen192
\pgf@yy=\dimen193
\pgf@zx=\dimen194
\pgf@zy=\dimen195
) (/usr/share/texlive/texmf-dist/tex/generic/pgf/basiclayer/pgfcorepathconstruct.code.tex
File: pgfcorepathconstruct.code.tex 2021/05/15 v3.1.9a (3.1.9a)
\pgf@path@lastx=\dimen196
\pgf@path@lasty=\dimen197
) (/usr/share/texlive/texmf-dist/tex/generic/pgf/basiclayer/pgfcorepathusage.code.tex
File: pgfcorepathusage.code.tex 2021/05/15 v3.1.9a (3.1.9a)
\pgf@shorten@end@additional=\dimen198
\pgf@shorten@start@additional=\dimen199
) (/usr/share/texlive/texmf-dist/tex/generic/pgf/basiclayer/pgfcorescopes.code.tex
File: pgfcorescopes.code.tex 2021/05/15 v3.1.9a (3.1.9a)
\pgfpic=\box57
\pgf@hbox=\box58
\pgf@layerbox@main=\box59
\pgf@picture@serial@count=\count292
) (/usr/share/texlive/texmf-dist/tex/generic/pgf/basiclayer/pgfcoregraphicstate.code.tex
File: pgfcoregraphicstate.code.tex 2021/05/15 v3.1.9a (3.1.9a)
\pgflinewidth=\dimen256
) (/usr/share/texlive/texmf-dist/tex/generic/pgf/basiclayer/pgfcoretransformations.code.tex
File: pgfcoretransformations.code.tex 2021/05/15 v3.1.9a (3.1.9a)
\pgf@pt@x=\dimen257
\pgf@pt@y=\dimen258
\pgf@pt@temp=\dimen259
) (/usr/share/texlive/texmf-dist/tex/generic/pgf/basiclayer/pgfcorequick.code.tex
File: pgfcorequick.code.tex 2021/05/15 v3.1.9a (3.1.9a)
) (/usr/share/texlive/texmf-dist/tex/generic/pgf/basiclayer/pgfcoreobjects.code.tex
File: pgfcoreobjects.code.tex 2021/05/15 v3.1.9a (3.1.9a)
) (/usr/share/texlive/texmf-dist/tex/generic/pgf/basiclayer/pgfcorepathprocessing.code.tex
File: pgfcorepathprocessing.code.tex 2021/05/15 v3.1.9a (3.1.9a)
) (/usr/share/texlive/texmf-dist/tex/generic/pgf/basiclayer/pgfcorearrows.code.tex
File: pgfcorearrows.code.tex 2021/05/15 v3.1.9a (3.1.9a)
\pgfarrowsep=\dimen260
) (/usr/share/texlive/texmf-dist/tex/generic/pgf/basiclayer/pgfcoreshade.code.tex
File: pgfcoreshade.code.tex 2021/05/15 v3.1.9a (3.1.9a)
\pgf@max=\dimen261
\pgf@sys@shading@range@num=\count293
\pgf@shadingcount=\count294
) (/usr/share/texlive/texmf-dist/tex/generic/pgf/basiclayer/pgfcoreimage.code.tex
File: pgfcoreimage.code.tex 2021/05/15 v3.1.9a (3.1.9a)
 (/usr/share/texlive/texmf-dist/tex/generic/pgf/basiclayer/pgfcoreexternal.code.tex
File: pgfcoreexternal.code.tex 2021/05/15 v3.1.9a (3.1.9a)
\pgfexternal@startupbox=\box60
)) (/usr/share/texlive/texmf-dist/tex/generic/pgf/basiclayer/pgfcorelayers.code.tex
File: pgfcorelayers.code.tex 2021/05/15 v3.1.9a (3.1.9a)
) (/usr/share/texlive/texmf-dist/tex/generic/pgf/basiclayer/pgfcoretransparency.code.tex
File: pgfcoretransparency.code.tex 2021/05/15 v3.1.9a (3.1.9a)
) (/usr/share/texlive/texmf-dist/tex/generic/pgf/basiclayer/pgfcorepatterns.code.tex
File: pgfcorepatterns.code.tex 2021/05/15 v3.1.9a (3.1.9a)
) (/usr/share/texlive/texmf-dist/tex/generic/pgf/basiclayer/pgfcorerdf.code.tex
File: pgfcorerdf.code.tex 2021/05/15 v3.1.9a (3.1.9a)
))) (/usr/share/texlive/texmf-dist/tex/generic/pgf/modules/pgfmoduleshapes.code.tex
File: pgfmoduleshapes.code.tex 2021/05/15 v3.1.9a (3.1.9a)
\pgfnodeparttextbox=\box61
) (/usr/share/texlive/texmf-dist/tex/generic/pgf/modules/pgfmoduleplot.code.tex
File: pgfmoduleplot.code.tex 2021/05/15 v3.1.9a (3.1.9a)
) (/usr/share/texlive/texmf-dist/tex/latex/pgf/compatibility/pgfcomp-version-0-65.sty
Package: pgfcomp-version-0-65 2021/05/15 v3.1.9a (3.1.9a)
\pgf@nodesepstart=\dimen262
\pgf@nodesepend=\dimen263
) (/usr/share/texlive/texmf-dist/tex/latex/pgf/compatibility/pgfcomp-version-1-18.sty
Package: pgfcomp-version-1-18 2021/05/15 v3.1.9a (3.1.9a)
)) (/usr/share/texlive/texmf-dist/tex/latex/pgf/utilities/pgffor.sty (/usr/share/texlive/texmf-dist/tex/latex/pgf/utilities/pgfkeys.sty (/usr/share/texlive/texmf-dist/tex/generic/pgf/utilities/pgfkeys.code.tex)) (/usr/share/texlive/texmf-dist/tex/latex/pgf/math/pgfmath.sty (/usr/share/texlive/texmf-dist/tex/generic/pgf/math/pgfmath.code.tex)) (/usr/share/texlive/texmf-dist/tex/generic/pgf/utilities/pgffor.code.tex
Package: pgffor 2021/05/15 v3.1.9a (3.1.9a)
 (/usr/share/texlive/texmf-dist/tex/generic/pgf/math/pgfmath.code.tex)
\pgffor@iter=\dimen264
\pgffor@skip=\dimen265
\pgffor@stack=\toks38
\pgffor@toks=\toks39
)) (/usr/share/texlive/texmf-dist/tex/generic/pgf/frontendlayer/tikz/tikz.code.tex
Package: tikz 2021/05/15 v3.1.9a (3.1.9a)
 (/usr/share/texlive/texmf-dist/tex/generic/pgf/libraries/pgflibraryplothandlers.code.tex
File: pgflibraryplothandlers.code.tex 2021/05/15 v3.1.9a (3.1.9a)
\pgf@plot@mark@count=\count295
\pgfplotmarksize=\dimen266
)
\tikz@lastx=\dimen267
\tikz@lasty=\dimen268
\tikz@lastxsaved=\dimen269
\tikz@lastysaved=\dimen270
\tikz@lastmovetox=\dimen271
\tikz@lastmovetoy=\dimen272
\tikzleveldistance=\dimen273
\tikzsiblingdistance=\dimen274
\tikz@figbox=\box62
\tikz@figbox@bg=\box63
\tikz@tempbox=\box64
\tikz@tempbox@bg=\box65
\tikztreelevel=\count296
\tikznumberofchildren=\count297
\tikznumberofcurrentchild=\count298
\tikz@fig@count=\count299
 (/usr/share/texlive/texmf-dist/tex/generic/pgf/modules/pgfmodulematrix.code.tex
File: pgfmodulematrix.code.tex 2021/05/15 v3.1.9a (3.1.9a)
\pgfmatrixcurrentrow=\count300
\pgfmatrixcurrentcolumn=\count301
\pgf@matrix@numberofcolumns=\count302
)
\tikz@expandcount=\count303
 (/usr/share/texlive/texmf-dist/tex/generic/pgf/frontendlayer/tikz/libraries/tikzlibrarytopaths.code.tex
File: tikzlibrarytopaths.code.tex 2021/05/15 v3.1.9a (3.1.9a)
))) (/usr/share/texlive/texmf-dist/tex/latex/setspace/setspace.sty
Package: setspace 2011/12/19 v6.7a set line spacing
) (/usr/share/texlive/texmf-dist/tex/latex/l3backend/l3backend-pdftex.def
File: l3backend-pdftex.def 2022-01-12 L3 backend support: PDF output (pdfTeX)
\l__color_backend_stack_int=\count304
\l__pdf_internal_box=\box66
) (./UNAMdissertemplate.aux)
\openout1 = `UNAMdissertemplate.aux'.

LaTeX Font Info:    Checking defaults for OML/cmm/m/it on input line 65.
LaTeX Font Info:    ... okay on input line 65.
LaTeX Font Info:    Checking defaults for OMS/cmsy/m/n on input line 65.
LaTeX Font Info:    ... okay on input line 65.
LaTeX Font Info:    Checking defaults for OT1/cmr/m/n on input line 65.
LaTeX Font Info:    ... okay on input line 65.
LaTeX Font Info:    Checking defaults for T1/cmr/m/n on input line 65.
LaTeX Font Info:    ... okay on input line 65.
LaTeX Font Info:    Checking defaults for TS1/cmr/m/n on input line 65.
LaTeX Font Info:    ... okay on input line 65.
LaTeX Font Info:    Checking defaults for OMX/cmex/m/n on input line 65.
LaTeX Font Info:    ... okay on input line 65.
LaTeX Font Info:    Checking defaults for U/cmr/m/n on input line 65.
LaTeX Font Info:    ... okay on input line 65.

*geometry* driver: auto-detecting
*geometry* detected driver: pdftex
*geometry* verbose mode - [ preamble ] result:
* driver: pdftex
* paper: letterpaper
* layout: <same size as paper>
* layoutoffset:(h,v)=(0.0pt,0.0pt)
* modes: 
* h-part:(L,W,R)=(90.3375pt, 433.62001pt, 90.3375pt)
* v-part:(T,H,B)=(72.26999pt, 650.43001pt, 72.26999pt)
* \paperwidth=614.295pt
* \paperheight=794.96999pt
* \textwidth=433.62001pt
* \textheight=650.43001pt
* \oddsidemargin=18.0675pt
* \evensidemargin=18.0675pt
* \topmargin=-31.8738pt
* \headheight=12.0pt
* \headsep=19.8738pt
* \topskip=12.0pt
* \footskip=30.0pt
* \marginparwidth=47.0pt
* \marginparsep=7.0pt
* \columnsep=10.0pt
* \skip\footins=10.8pt plus 4.0pt minus 2.0pt
* \hoffset=0.0pt
* \voffset=0.0pt
* \mag=1000
* \@twocolumnfalse
* \@twosidefalse
* \@mparswitchfalse
* \@reversemarginfalse
* (1in=72.27pt=25.4mm, 1cm=28.453pt)

(/usr/share/texlive/texmf-dist/tex/context/base/mkii/supp-pdf.mkii
[Loading MPS to PDF converter (version 2006.09.02).]
\scratchcounter=\count305
\scratchdimen=\dimen275
\scratchbox=\box67
\nofMPsegments=\count306
\nofMParguments=\count307
\everyMPshowfont=\toks40
\MPscratchCnt=\count308
\MPscratchDim=\dimen276
\MPnumerator=\count309
\makeMPintoPDFobject=\count310
\everyMPtoPDFconversion=\toks41
) (/usr/share/texlive/texmf-dist/tex/latex/epstopdf-pkg/epstopdf-base.sty
Package: epstopdf-base 2020-01-24 v2.11 Base part for package epstopdf
Package epstopdf-base Info: Redefining graphics rule for `.eps' on input line 485.
 (/usr/share/texlive/texmf-dist/tex/latex/latexconfig/epstopdf-sys.cfg
File: epstopdf-sys.cfg 2010/07/13 v1.3 Configuration of (r)epstopdf for TeX Live
))
Package caption Info: Begin \AtBeginDocument code.
Package caption Info: End \AtBeginDocument code.
LaTeX Info: Redefining \. on input line 65.
LaTeX Info: Redefining \% on input line 65.
*geometry* verbose mode - [ newgeometry ] result:
* driver: pdftex
* paper: letterpaper
* layout: <same size as paper>
* layoutoffset:(h,v)=(0.0pt,0.0pt)
* modes: 
* h-part:(L,W,R)=(85.35826pt, 443.57848pt, 85.35826pt)
* v-part:(T,H,B)=(56.9055pt, 666.9326pt, 71.13188pt)
* \paperwidth=614.295pt
* \paperheight=794.96999pt
* \textwidth=443.57848pt
* \textheight=666.9326pt
* \oddsidemargin=13.08827pt
* \evensidemargin=13.08827pt
* \topmargin=-47.23828pt
* \headheight=12.0pt
* \headsep=19.8738pt
* \topskip=12.0pt
* \footskip=30.0pt
* \marginparwidth=47.0pt
* \marginparsep=7.0pt
* \columnsep=10.0pt
* \skip\footins=10.8pt plus 4.0pt minus 2.0pt
* \hoffset=0.0pt
* \voffset=0.0pt
* \mag=1000
* \@twocolumnfalse
* \@twosidefalse
* \@mparswitchfalse
* \@reversemarginfalse
* (1in=72.27pt=25.4mm, 1cm=28.453pt)

<Escudo-UNAM.pdf, id=4, 300.51309pt x 337.88977pt>
File: Escudo-UNAM.pdf Graphic file (type pdf)
<use Escudo-UNAM.pdf>
Package pdftex.def Info: Escudo-UNAM.pdf  used on input line 67.
(pdftex.def)             Requested size: 68.77722pt x 77.33466pt.
LaTeX Font Info:    Trying to load font information for U+msa on input line 67.
 (/usr/share/texlive/texmf-dist/tex/latex/amsfonts/umsa.fd
File: umsa.fd 2013/01/14 v3.01 AMS symbols A
)
LaTeX Font Info:    Trying to load font information for U+msb on input line 67.
 (/usr/share/texlive/texmf-dist/tex/latex/amsfonts/umsb.fd
File: umsb.fd 2013/01/14 v3.01 AMS symbols B
)
<Escudo-FCIENCIAS.pdf, id=5, 359.74399pt x 411.136pt>
File: Escudo-FCIENCIAS.pdf Graphic file (type pdf)
<use Escudo-FCIENCIAS.pdf>
Package pdftex.def Info: Escudo-FCIENCIAS.pdf  used on input line 67.
(pdftex.def)             Requested size: 67.66591pt x 77.33466pt.

Underfull \hbox (badness 10000) detected at line 67
\T1/cmr/bx/n/17.28 T E S I S
 []


Underfull \hbox (badness 10000) detected at line 67
\T1/cmr/m/n/12 P R E S E N T A :
 []

[1




{/var/lib/texmf/fonts/map/pdftex/updmap/pdftex.map} <./Escudo-UNAM.pdf> <./Escudo-FCIENCIAS.pdf

pdfTeX warning: pdflatex (file ./Escudo-FCIENCIAS.pdf): PDF inclusion: multiple pdfs with page group included in a single page
>] [1

] [2

] [3

]
No file UNAMdissertemplate.toc.
\tf@toc=\write4
\openout4 = `UNAMdissertemplate.toc'.

[4

]
\openout2 = `Cap1_Intro.aux'.

 (./Cap1_Intro.tex
Cap\'{\i }tulo 1.

LaTeX Warning: Citation `Shore2018' on page 1 undefined on input line 6.


LaTeX Warning: Citation `rabe2007modern' on page 1 undefined on input line 10.


LaTeX Warning: Citation `spaldin2012beginner' on page 1 undefined on input line 12.


LaTeX Warning: Citation `rabe2007modern' on page 1 undefined on input line 12.


LaTeX Warning: Citation `Benalcazar2017' on page 1 undefined on input line 12.

[1



]

LaTeX Warning: Citation `Shore2018' on page 2 undefined on input line 15.


LaTeX Warning: Citation `Moore2010' on page 2 undefined on input line 17.

LaTeX Info: Redefining \. on input line 19.
LaTeX Info: Redefining \% on input line 19.
[2]

LaTeX Warning: Citation `Benalcazar2017' on page 3 undefined on input line 21.

LaTeX Info: Redefining \. on input line 25.
LaTeX Info: Redefining \% on input line 25.
[3])
LaTeX Info: Redefining \. on input line 100.
LaTeX Info: Redefining \% on input line 100.
 [4]
\openout2 = `Cap2_MarcoTeorico.aux'.

 (./Cap2_MarcoTeorico.tex
Cap\'{\i }tulo 2.
[5




]

LaTeX Warning: Reference `eq:Hopping_no_ortogonal' on page 6 undefined on input line 25.


LaTeX Warning: Reference `SecEjemplo' on page 6 undefined on input line 40.

<Imagenes/Models/TB_example.pdf, id=59, 722.7pt x 289.08pt>
File: Imagenes/Models/TB_example.pdf Graphic file (type pdf)
<use Imagenes/Models/TB_example.pdf>
Package pdftex.def Info: Imagenes/Models/TB_example.pdf  used on input line 49.
(pdftex.def)             Requested size: 433.62001pt x 173.44933pt.

LaTeX Warning: Reference `fig:Hidrogen_chain' on page 6 undefined on input line 54.

LaTeX Info: Redefining \. on input line 59.
LaTeX Info: Redefining \% on input line 59.
[6 <./Imagenes/Models/TB_example.pdf>]

LaTeX Warning: Reference `HidrogenoTBH' on page 7 undefined on input line 62.


LaTeX Warning: Reference `fig:SSH_Fig' on page 7 undefined on input line 78.


LaTeX Warning: Reference `eq:Hamiltonian_ssh' on page 7 undefined on input line 78.

<Imagenes/Models/SSH_example.pdf, id=86, 722.7pt x 289.08pt>
File: Imagenes/Models/SSH_example.pdf Graphic file (type pdf)
<use Imagenes/Models/SSH_example.pdf>
Package pdftex.def Info: Imagenes/Models/SSH_example.pdf  used on input line 82.
(pdftex.def)             Requested size: 433.62001pt x 173.44933pt.

LaTeX Warning: `!h' float specifier changed to `!ht'.

LaTeX Info: Redefining \. on input line 91.
LaTeX Info: Redefining \% on input line 91.
[7]

LaTeX Warning: Reference `eq:Hamiltonian_ssh_real' on page 8 undefined on input line 95.

LaTeX Info: Redefining \. on input line 120.
LaTeX Info: Redefining \% on input line 120.
[8 <./Imagenes/Models/SSH_example.pdf>]
<Imagenes/Shh_images/bands_shh.pdf, id=105, 433.62pt x 433.62pt>
File: Imagenes/Shh_images/bands_shh.pdf Graphic file (type pdf)
<use Imagenes/Shh_images/bands_shh.pdf>
Package pdftex.def Info: Imagenes/Shh_images/bands_shh.pdf  used on input line 145.
(pdftex.def)             Requested size: 117.07925pt x 117.07896pt.
<Imagenes/Shh_images/proyection_ssh.pdf, id=106, 433.62pt x 433.62pt>
File: Imagenes/Shh_images/proyection_ssh.pdf Graphic file (type pdf)
<use Imagenes/Shh_images/proyection_ssh.pdf>
Package pdftex.def Info: Imagenes/Shh_images/proyection_ssh.pdf  used on input line 149.
(pdftex.def)             Requested size: 117.07925pt x 117.07896pt.
<Imagenes/Shh_images/loop_shh.pdf, id=107, 433.62pt x 433.62pt>
File: Imagenes/Shh_images/loop_shh.pdf Graphic file (type pdf)
<use Imagenes/Shh_images/loop_shh.pdf>
Package pdftex.def Info: Imagenes/Shh_images/loop_shh.pdf  used on input line 153.
(pdftex.def)             Requested size: 117.07925pt x 117.07896pt.
<Imagenes/Shh_images/winding_shh.pdf, id=108, 433.62pt x 433.62pt>
File: Imagenes/Shh_images/winding_shh.pdf Graphic file (type pdf)
<use Imagenes/Shh_images/winding_shh.pdf>
Package pdftex.def Info: Imagenes/Shh_images/winding_shh.pdf  used on input line 157.
(pdftex.def)             Requested size: 117.07925pt x 117.07896pt.

Overfull \hbox (10.81145pt too wide) in paragraph at lines 143--159
 []$[]$|  $[]$|  $[]$|  $[]$ 
 []


LaTeX Warning: Reference `eq:Hamiltonian_ssh_real' on page 9 undefined on input line 163.


LaTeX Warning: Reference `eq:Hamiltonian_ssh_bloch' on page 9 undefined on input line 163.


LaTeX Warning: Reference `fig:SSH_Img_Results' on page 9 undefined on input line 163.


LaTeX Warning: Reference `fig:SSH_Img_Results' on page 9 undefined on input line 163.

LaTeX Info: Redefining \. on input line 166.
LaTeX Info: Redefining \% on input line 166.
[9 <./Imagenes/Shh_images/bands_shh.pdf> <./Imagenes/Shh_images/proyection_ssh.pdf

pdfTeX warning: pdflatex (file ./Imagenes/Shh_images/proyection_ssh.pdf): PDF inclusion: multiple pdfs with page group included in a single page
> <./Imagenes/Shh_images/loop_shh.pdf

pdfTeX warning: pdflatex (file ./Imagenes/Shh_images/loop_shh.pdf): PDF inclusion: multiple pdfs with page group included in a single page
> <./Imagenes/Shh_images/winding_shh.pdf

pdfTeX warning: pdflatex (file ./Imagenes/Shh_images/winding_shh.pdf): PDF inclusion: multiple pdfs with page group included in a single page
>]

LaTeX Warning: Citation `Asboth2015' on page 10 undefined on input line 178.


LaTeX Warning: Reference `fig:SSH_Img_Results' on page 10 undefined on input line 180.


LaTeX Warning: Reference `fig:SSH_Img_Results' on page 10 undefined on input line 180.

LaTeX Info: Redefining \. on input line 182.
LaTeX Info: Redefining \% on input line 182.
[10]
LaTeX Info: Redefining \. on input line 197.
LaTeX Info: Redefining \% on input line 197.
 [11]
LaTeX Info: Redefining \. on input line 228.
LaTeX Info: Redefining \% on input line 228.
 [12] (./Images_Models/Image_Model_Polarizatioin.tex
<Imagenes/Models/polarizatio_example_a.pdf, id=167, 722.7pt x 289.08pt>
File: Imagenes/Models/polarizatio_example_a.pdf Graphic file (type pdf)
<use Imagenes/Models/polarizatio_example_a.pdf>
Package pdftex.def Info: Imagenes/Models/polarizatio_example_a.pdf  used on input line 8.
(pdftex.def)             Requested size: 433.62001pt x 173.44933pt.
<Imagenes/Models/polarizatio_example_b.pdf, id=168, 722.7pt x 289.08pt>
File: Imagenes/Models/polarizatio_example_b.pdf Graphic file (type pdf)
<use Imagenes/Models/polarizatio_example_b.pdf>
Package pdftex.def Info: Imagenes/Models/polarizatio_example_b.pdf  used on input line 16.
(pdftex.def)             Requested size: 433.62001pt x 173.44933pt.


LaTeX Warning: `!h' float specifier changed to `!ht'.

)

LaTeX Warning: Reference `fig:Model_polarization' on page 13 undefined on input line 250.


LaTeX Warning: Reference `polarization_classic' on page 13 undefined on input line 250.


LaTeX Warning: Reference `eq:pol1' on page 13 undefined on input line 250.

LaTeX Info: Redefining \. on input line 251.
LaTeX Info: Redefining \% on input line 251.
[13]

LaTeX Warning: Reference `fig:Model_polarization' on page 14 undefined on input line 257.


LaTeX Warning: Reference `eq:pol2' on page 14 undefined on input line 257.


LaTeX Warning: Reference `eq:pol_gral1d' on page 14 undefined on input line 264.


LaTeX Warning: Reference `eq:pol_gral3d' on page 14 undefined on input line 264.

LaTeX Info: Redefining \. on input line 269.
LaTeX Info: Redefining \% on input line 269.
[14 <./Imagenes/Models/polarizatio_example_a.pdf> <./Imagenes/Models/polarizatio_example_b.pdf>]
LaTeX Info: Redefining \. on input line 292.
LaTeX Info: Redefining \% on input line 292.
 [15]
LaTeX Info: Redefining \. on input line 310.
LaTeX Info: Redefining \% on input line 310.
 [16]

LaTeX Warning: Reference `Wcenter' on page 17 undefined on input line 322.

LaTeX Info: Redefining \. on input line 331.
LaTeX Info: Redefining \% on input line 331.
[17]
<Imagenes/Shh_images/bands_shh_pump.pdf, id=214, 433.62pt x 361.35pt>
File: Imagenes/Shh_images/bands_shh_pump.pdf Graphic file (type pdf)
<use Imagenes/Shh_images/bands_shh_pump.pdf>
Package pdftex.def Info: Imagenes/Shh_images/bands_shh_pump.pdf  used on input line 349.
(pdftex.def)             Requested size: 117.07925pt x 97.5658pt.
<Imagenes/Shh_images/loop_pump_ssh.pdf, id=215, 433.62pt x 361.35pt>
File: Imagenes/Shh_images/loop_pump_ssh.pdf Graphic file (type pdf)
<use Imagenes/Shh_images/loop_pump_ssh.pdf>
Package pdftex.def Info: Imagenes/Shh_images/loop_pump_ssh.pdf  used on input line 353.
(pdftex.def)             Requested size: 117.07925pt x 97.5658pt.
<Imagenes/Shh_images/winding_shh_pump.pdf, id=216, 433.62pt x 361.35pt>
File: Imagenes/Shh_images/winding_shh_pump.pdf Graphic file (type pdf)
<use Imagenes/Shh_images/winding_shh_pump.pdf>
Package pdftex.def Info: Imagenes/Shh_images/winding_shh_pump.pdf  used on input line 357.
(pdftex.def)             Requested size: 117.07925pt x 97.5658pt.
<Imagenes/Shh_images/wannier_center_shh_pump.pdf, id=217, 433.62pt x 361.35pt>
File: Imagenes/Shh_images/wannier_center_shh_pump.pdf Graphic file (type pdf)
<use Imagenes/Shh_images/wannier_center_shh_pump.pdf>
Package pdftex.def Info: Imagenes/Shh_images/wannier_center_shh_pump.pdf  used on input line 361.
(pdftex.def)             Requested size: 117.07925pt x 97.5658pt.

Overfull \hbox (10.81145pt too wide) in paragraph at lines 347--363
 []$[]$|  $[]$|  $[]$|  $[]$ 
 []

LaTeX Info: Redefining \. on input line 374.
LaTeX Info: Redefining \% on input line 374.
[18 <./Imagenes/Shh_images/bands_shh_pump.pdf> <./Imagenes/Shh_images/loop_pump_ssh.pdf

pdfTeX warning: pdflatex (file ./Imagenes/Shh_images/loop_pump_ssh.pdf): PDF inclusion: multiple pdfs with page group included in a single page
> <./Imagenes/Shh_images/winding_shh_pump.pdf

pdfTeX warning: pdflatex (file ./Imagenes/Shh_images/winding_shh_pump.pdf): PDF inclusion: multiple pdfs with page group included in a single page
> <./Imagenes/Shh_images/wannier_center_shh_pump.pdf

pdfTeX warning: pdflatex (file ./Imagenes/Shh_images/wannier_center_shh_pump.pdf): PDF inclusion: multiple pdfs with page group included in a single page
>]
LaTeX Info: Redefining \. on input line 410.
LaTeX Info: Redefining \% on input line 410.
 [19]
<Imagenes/Fractal/sierpinski_carpet_1.pdf, id=285, 433.62pt x 433.62pt>
File: Imagenes/Fractal/sierpinski_carpet_1.pdf Graphic file (type pdf)
<use Imagenes/Fractal/sierpinski_carpet_1.pdf>
Package pdftex.def Info: Imagenes/Fractal/sierpinski_carpet_1.pdf  used on input line 422.
(pdftex.def)             Requested size: 117.07925pt x 117.07896pt.
<Imagenes/Fractal/sierpinski_carpet_2.pdf, id=286, 433.62pt x 433.62pt>
File: Imagenes/Fractal/sierpinski_carpet_2.pdf Graphic file (type pdf)
<use Imagenes/Fractal/sierpinski_carpet_2.pdf>
Package pdftex.def Info: Imagenes/Fractal/sierpinski_carpet_2.pdf  used on input line 426.
(pdftex.def)             Requested size: 117.07925pt x 117.07896pt.
<Imagenes/Fractal/sierpinski_carpet_3.pdf, id=287, 433.62pt x 433.62pt>
File: Imagenes/Fractal/sierpinski_carpet_3.pdf Graphic file (type pdf)
<use Imagenes/Fractal/sierpinski_carpet_3.pdf>
Package pdftex.def Info: Imagenes/Fractal/sierpinski_carpet_3.pdf  used on input line 430.
(pdftex.def)             Requested size: 117.07925pt x 117.07896pt.
<Imagenes/Fractal/sierpinski_carpet_4.pdf, id=288, 433.62pt x 433.62pt>
File: Imagenes/Fractal/sierpinski_carpet_4.pdf Graphic file (type pdf)
<use Imagenes/Fractal/sierpinski_carpet_4.pdf>
Package pdftex.def Info: Imagenes/Fractal/sierpinski_carpet_4.pdf  used on input line 434.
(pdftex.def)             Requested size: 117.07925pt x 117.07896pt.

Overfull \hbox (10.81145pt too wide) in paragraph at lines 420--436
 []$[]$|  $[]$|  $[]$|  $[]$ 
 []

LaTeX Info: Redefining \. on input line 441.
LaTeX Info: Redefining \% on input line 441.
[20 <./Imagenes/Fractal/sierpinski_carpet_1.pdf> <./Imagenes/Fractal/sierpinski_carpet_2.pdf

pdfTeX warning: pdflatex (file ./Imagenes/Fractal/sierpinski_carpet_2.pdf): PDF inclusion: multiple pdfs with page group included in a single page
> <./Imagenes/Fractal/sierpinski_carpet_3.pdf

pdfTeX warning: pdflatex (file ./Imagenes/Fractal/sierpinski_carpet_3.pdf): PDF inclusion: multiple pdfs with page group included in a single page
> <./Imagenes/Fractal/sierpinski_carpet_4.pdf

pdfTeX warning: pdflatex (file ./Imagenes/Fractal/sierpinski_carpet_4.pdf): PDF inclusion: multiple pdfs with page group included in a single page
>])
LaTeX Info: Redefining \. on input line 105.
LaTeX Info: Redefining \% on input line 105.
 [21]
LaTeX Info: Redefining \. on input line 105.
LaTeX Info: Redefining \% on input line 105.
 [22]
\openout2 = `Cap3_DescripcionDelProyecto.aux'.

 (./Cap3_DescripcionDelProyecto.tex
Cap\'{\i }tulo 3.

LaTeX Warning: Citation `Benalcazar2017' on page 23 undefined on input line 6.


LaTeX Warning: Citation `schindler2018higher' on page 23 undefined on input line 6.


LaTeX Warning: Citation `benalcazar2020higher' on page 23 undefined on input line 13.

[23




]
<Imagenes/Models/unitary_cell.pdf, id=307, 433.62pt x 433.62pt>
File: Imagenes/Models/unitary_cell.pdf Graphic file (type pdf)
<use Imagenes/Models/unitary_cell.pdf>
Package pdftex.def Info: Imagenes/Models/unitary_cell.pdf  used on input line 37.
(pdftex.def)             Requested size: 117.07925pt x 117.07896pt.
<Imagenes/Models/square_hoti_model6.pdf, id=308, 433.62pt x 433.62pt>
File: Imagenes/Models/square_hoti_model6.pdf Graphic file (type pdf)
<use Imagenes/Models/square_hoti_model6.pdf>
Package pdftex.def Info: Imagenes/Models/square_hoti_model6.pdf  used on input line 42.
(pdftex.def)             Requested size: 117.07925pt x 117.07896pt.
<Imagenes/Models/square_hoti_model.pdf, id=309, 433.62pt x 433.62pt>
File: Imagenes/Models/square_hoti_model.pdf Graphic file (type pdf)
<use Imagenes/Models/square_hoti_model.pdf>
Package pdftex.def Info: Imagenes/Models/square_hoti_model.pdf  used on input line 47.
(pdftex.def)             Requested size: 117.07925pt x 117.07896pt.
<Imagenes/Models/fractal_hoti_model.pdf, id=310, 433.62pt x 433.62pt>
File: Imagenes/Models/fractal_hoti_model.pdf Graphic file (type pdf)
<use Imagenes/Models/fractal_hoti_model.pdf>
Package pdftex.def Info: Imagenes/Models/fractal_hoti_model.pdf  used on input line 52.
(pdftex.def)             Requested size: 117.07925pt x 117.07896pt.

Overfull \hbox (29.60657pt too wide) in paragraph at lines 35--55
 []$[]$|  $[]$|  $[]$|  $[]$ 
 []

LaTeX Info: Redefining \. on input line 58.
LaTeX Info: Redefining \% on input line 58.
[24]
LaTeX Info: Redefining \. on input line 88.
LaTeX Info: Redefining \% on input line 88.
 [25 <./Imagenes/Models/unitary_cell.pdf> <./Imagenes/Models/square_hoti_model6.pdf> <./Imagenes/Models/square_hoti_model.pdf

pdfTeX warning: pdflatex (file ./Imagenes/Models/square_hoti_model.pdf): PDF inclusion: multiple pdfs with page group included in a single page
> <./Imagenes/Models/fractal_hoti_model.pdf

pdfTeX warning: pdflatex (file ./Imagenes/Models/fractal_hoti_model.pdf): PDF inclusion: multiple pdfs with page group included in a single page
>]
LaTeX Info: Redefining \. on input line 109.
LaTeX Info: Redefining \% on input line 109.
 [26]
LaTeX Info: Redefining \. on input line 133.
LaTeX Info: Redefining \% on input line 133.
 [27] (./Images_Models/Image_Model_pump.tex
<Imagenes/Models/Model_pump/square_pump_model_xy_0.pdf, id=349, 505.89pt x 505.89pt>
File: Imagenes/Models/Model_pump/square_pump_model_xy_0.pdf Graphic file (type pdf)
<use Imagenes/Models/Model_pump/square_pump_model_xy_0.pdf>
Package pdftex.def Info: Imagenes/Models/Model_pump/square_pump_model_xy_0.pdf  used on input line 9.
(pdftex.def)             Requested size: 86.72267pt x 86.71805pt.
<Imagenes/Models/Model_pump/square_pump_model_xy_5.pdf, id=350, 505.89pt x 505.89pt>
File: Imagenes/Models/Model_pump/square_pump_model_xy_5.pdf Graphic file (type pdf)
<use Imagenes/Models/Model_pump/square_pump_model_xy_5.pdf>
Package pdftex.def Info: Imagenes/Models/Model_pump/square_pump_model_xy_5.pdf  used on input line 14.
(pdftex.def)             Requested size: 86.72267pt x 86.71805pt.
<Imagenes/Models/Model_pump/square_pump_model_xy_8.pdf, id=351, 505.89pt x 505.89pt>
File: Imagenes/Models/Model_pump/square_pump_model_xy_8.pdf Graphic file (type pdf)
<use Imagenes/Models/Model_pump/square_pump_model_xy_8.pdf>
Package pdftex.def Info: Imagenes/Models/Model_pump/square_pump_model_xy_8.pdf  used on input line 19.
(pdftex.def)             Requested size: 86.72267pt x 86.71805pt.
<Imagenes/Models/Model_pump/square_pump_model_xy_11.pdf, id=352, 505.89pt x 505.89pt>
File: Imagenes/Models/Model_pump/square_pump_model_xy_11.pdf Graphic file (type pdf)
<use Imagenes/Models/Model_pump/square_pump_model_xy_11.pdf>
Package pdftex.def Info: Imagenes/Models/Model_pump/square_pump_model_xy_11.pdf  used on input line 24.
(pdftex.def)             Requested size: 86.72267pt x 86.71805pt.
<Imagenes/Models/Model_pump/square_pump_model_xy_16.pdf, id=353, 505.89pt x 505.89pt>
File: Imagenes/Models/Model_pump/square_pump_model_xy_16.pdf Graphic file (type pdf)
<use Imagenes/Models/Model_pump/square_pump_model_xy_16.pdf>
Package pdftex.def Info: Imagenes/Models/Model_pump/square_pump_model_xy_16.pdf  used on input line 29.
(pdftex.def)             Requested size: 86.72267pt x 86.71805pt.
<Imagenes/Models/Model_pump/fractal_pump_model_xy_0.pdf, id=354, 505.89pt x 505.89pt>
File: Imagenes/Models/Model_pump/fractal_pump_model_xy_0.pdf Graphic file (type pdf)
<use Imagenes/Models/Model_pump/fractal_pump_model_xy_0.pdf>
Package pdftex.def Info: Imagenes/Models/Model_pump/fractal_pump_model_xy_0.pdf  used on input line 38.
(pdftex.def)             Requested size: 86.72267pt x 86.71805pt.
<Imagenes/Models/Model_pump/fractal_pump_model_xy_5.pdf, id=355, 505.89pt x 505.89pt>
File: Imagenes/Models/Model_pump/fractal_pump_model_xy_5.pdf Graphic file (type pdf)
<use Imagenes/Models/Model_pump/fractal_pump_model_xy_5.pdf>
Package pdftex.def Info: Imagenes/Models/Model_pump/fractal_pump_model_xy_5.pdf  used on input line 43.
(pdftex.def)             Requested size: 86.72267pt x 86.71805pt.
<Imagenes/Models/Model_pump/fractal_pump_model_xy_8.pdf, id=356, 505.89pt x 505.89pt>
File: Imagenes/Models/Model_pump/fractal_pump_model_xy_8.pdf Graphic file (type pdf)
<use Imagenes/Models/Model_pump/fractal_pump_model_xy_8.pdf>
Package pdftex.def Info: Imagenes/Models/Model_pump/fractal_pump_model_xy_8.pdf  used on input line 48.
(pdftex.def)             Requested size: 86.72267pt x 86.71805pt.
<Imagenes/Models/Model_pump/fractal_pump_model_xy_11.pdf, id=357, 505.89pt x 505.89pt>
File: Imagenes/Models/Model_pump/fractal_pump_model_xy_11.pdf Graphic file (type pdf)
<use Imagenes/Models/Model_pump/fractal_pump_model_xy_11.pdf>
Package pdftex.def Info: Imagenes/Models/Model_pump/fractal_pump_model_xy_11.pdf  used on input line 53.
(pdftex.def)             Requested size: 86.72267pt x 86.71805pt.
<Imagenes/Models/Model_pump/fractal_pump_model_xy_16.pdf, id=358, 505.89pt x 505.89pt>
File: Imagenes/Models/Model_pump/fractal_pump_model_xy_16.pdf Graphic file (type pdf)
<use Imagenes/Models/Model_pump/fractal_pump_model_xy_16.pdf>
Package pdftex.def Info: Imagenes/Models/Model_pump/fractal_pump_model_xy_16.pdf  used on input line 58.
(pdftex.def)             Requested size: 86.72267pt x 86.71805pt.
<Imagenes/Models/Model_pump/square_pump_model_x_0.pdf, id=359, 505.89pt x 505.89pt>
File: Imagenes/Models/Model_pump/square_pump_model_x_0.pdf Graphic file (type pdf)
<use Imagenes/Models/Model_pump/square_pump_model_x_0.pdf>
Package pdftex.def Info: Imagenes/Models/Model_pump/square_pump_model_x_0.pdf  used on input line 67.
(pdftex.def)             Requested size: 86.72267pt x 86.71805pt.
<Imagenes/Models/Model_pump/square_pump_model_x_5.pdf, id=360, 505.89pt x 505.89pt>
File: Imagenes/Models/Model_pump/square_pump_model_x_5.pdf Graphic file (type pdf)
<use Imagenes/Models/Model_pump/square_pump_model_x_5.pdf>
Package pdftex.def Info: Imagenes/Models/Model_pump/square_pump_model_x_5.pdf  used on input line 72.
(pdftex.def)             Requested size: 86.72267pt x 86.71805pt.
<Imagenes/Models/Model_pump/square_pump_model_x_8.pdf, id=361, 505.89pt x 505.89pt>
File: Imagenes/Models/Model_pump/square_pump_model_x_8.pdf Graphic file (type pdf)
<use Imagenes/Models/Model_pump/square_pump_model_x_8.pdf>
Package pdftex.def Info: Imagenes/Models/Model_pump/square_pump_model_x_8.pdf  used on input line 77.
(pdftex.def)             Requested size: 86.72267pt x 86.71805pt.
<Imagenes/Models/Model_pump/square_pump_model_x_11.pdf, id=362, 505.89pt x 505.89pt>
File: Imagenes/Models/Model_pump/square_pump_model_x_11.pdf Graphic file (type pdf)
<use Imagenes/Models/Model_pump/square_pump_model_x_11.pdf>
Package pdftex.def Info: Imagenes/Models/Model_pump/square_pump_model_x_11.pdf  used on input line 82.
(pdftex.def)             Requested size: 86.72267pt x 86.71805pt.
<Imagenes/Models/Model_pump/square_pump_model_x_16.pdf, id=363, 505.89pt x 505.89pt>
File: Imagenes/Models/Model_pump/square_pump_model_x_16.pdf Graphic file (type pdf)
<use Imagenes/Models/Model_pump/square_pump_model_x_16.pdf>
Package pdftex.def Info: Imagenes/Models/Model_pump/square_pump_model_x_16.pdf  used on input line 87.
(pdftex.def)             Requested size: 86.72267pt x 86.71805pt.
<Imagenes/Models/Model_pump/fractal_pump_model_x_0.pdf, id=364, 505.89pt x 505.89pt>
File: Imagenes/Models/Model_pump/fractal_pump_model_x_0.pdf Graphic file (type pdf)
<use Imagenes/Models/Model_pump/fractal_pump_model_x_0.pdf>
Package pdftex.def Info: Imagenes/Models/Model_pump/fractal_pump_model_x_0.pdf  used on input line 96.
(pdftex.def)             Requested size: 86.72267pt x 86.71805pt.
<Imagenes/Models/Model_pump/fractal_pump_model_x_5.pdf, id=365, 505.89pt x 505.89pt>
File: Imagenes/Models/Model_pump/fractal_pump_model_x_5.pdf Graphic file (type pdf)
<use Imagenes/Models/Model_pump/fractal_pump_model_x_5.pdf>
Package pdftex.def Info: Imagenes/Models/Model_pump/fractal_pump_model_x_5.pdf  used on input line 101.
(pdftex.def)             Requested size: 86.72267pt x 86.71805pt.
<Imagenes/Models/Model_pump/fractal_pump_model_x_8.pdf, id=366, 505.89pt x 505.89pt>
File: Imagenes/Models/Model_pump/fractal_pump_model_x_8.pdf Graphic file (type pdf)
<use Imagenes/Models/Model_pump/fractal_pump_model_x_8.pdf>
Package pdftex.def Info: Imagenes/Models/Model_pump/fractal_pump_model_x_8.pdf  used on input line 106.
(pdftex.def)             Requested size: 86.72267pt x 86.71805pt.
<Imagenes/Models/Model_pump/fractal_pump_model_x_11.pdf, id=367, 505.89pt x 505.89pt>
File: Imagenes/Models/Model_pump/fractal_pump_model_x_11.pdf Graphic file (type pdf)
<use Imagenes/Models/Model_pump/fractal_pump_model_x_11.pdf>
Package pdftex.def Info: Imagenes/Models/Model_pump/fractal_pump_model_x_11.pdf  used on input line 111.
(pdftex.def)             Requested size: 86.72267pt x 86.71805pt.
<Imagenes/Models/Model_pump/fractal_pump_model_x_16.pdf, id=368, 505.89pt x 505.89pt>
File: Imagenes/Models/Model_pump/fractal_pump_model_x_16.pdf Graphic file (type pdf)
<use Imagenes/Models/Model_pump/fractal_pump_model_x_16.pdf>
Package pdftex.def Info: Imagenes/Models/Model_pump/fractal_pump_model_x_16.pdf  used on input line 116.
(pdftex.def)             Requested size: 86.72267pt x 86.71805pt.
<Imagenes/Models/Model_pump/square_pump_model_y_0.pdf, id=369, 505.89pt x 505.89pt>
File: Imagenes/Models/Model_pump/square_pump_model_y_0.pdf Graphic file (type pdf)
<use Imagenes/Models/Model_pump/square_pump_model_y_0.pdf>
Package pdftex.def Info: Imagenes/Models/Model_pump/square_pump_model_y_0.pdf  used on input line 124.
(pdftex.def)             Requested size: 78.04987pt x 78.04933pt.
<Imagenes/Models/Model_pump/square_pump_model_y_5.pdf, id=370, 505.89pt x 505.89pt>
File: Imagenes/Models/Model_pump/square_pump_model_y_5.pdf Graphic file (type pdf)
<use Imagenes/Models/Model_pump/square_pump_model_y_5.pdf>
Package pdftex.def Info: Imagenes/Models/Model_pump/square_pump_model_y_5.pdf  used on input line 129.
(pdftex.def)             Requested size: 78.04987pt x 78.04933pt.
<Imagenes/Models/Model_pump/square_pump_model_y_8.pdf, id=371, 505.89pt x 505.89pt>
File: Imagenes/Models/Model_pump/square_pump_model_y_8.pdf Graphic file (type pdf)
<use Imagenes/Models/Model_pump/square_pump_model_y_8.pdf>
Package pdftex.def Info: Imagenes/Models/Model_pump/square_pump_model_y_8.pdf  used on input line 134.
(pdftex.def)             Requested size: 78.04987pt x 78.04933pt.
<Imagenes/Models/Model_pump/square_pump_model_y_11.pdf, id=372, 505.89pt x 505.89pt>
File: Imagenes/Models/Model_pump/square_pump_model_y_11.pdf Graphic file (type pdf)
<use Imagenes/Models/Model_pump/square_pump_model_y_11.pdf>
Package pdftex.def Info: Imagenes/Models/Model_pump/square_pump_model_y_11.pdf  used on input line 139.
(pdftex.def)             Requested size: 78.04987pt x 78.04933pt.
<Imagenes/Models/Model_pump/square_pump_model_y_16.pdf, id=373, 505.89pt x 505.89pt>
File: Imagenes/Models/Model_pump/square_pump_model_y_16.pdf Graphic file (type pdf)
<use Imagenes/Models/Model_pump/square_pump_model_y_16.pdf>
Package pdftex.def Info: Imagenes/Models/Model_pump/square_pump_model_y_16.pdf  used on input line 144.
(pdftex.def)             Requested size: 78.04987pt x 78.04933pt.
<Imagenes/Models/Model_pump/fractal_pump_model_y_0.pdf, id=374, 505.89pt x 505.89pt>
File: Imagenes/Models/Model_pump/fractal_pump_model_y_0.pdf Graphic file (type pdf)
<use Imagenes/Models/Model_pump/fractal_pump_model_y_0.pdf>
Package pdftex.def Info: Imagenes/Models/Model_pump/fractal_pump_model_y_0.pdf  used on input line 153.
(pdftex.def)             Requested size: 86.72267pt x 86.71805pt.
<Imagenes/Models/Model_pump/fractal_pump_model_y_5.pdf, id=375, 505.89pt x 505.89pt>
File: Imagenes/Models/Model_pump/fractal_pump_model_y_5.pdf Graphic file (type pdf)
<use Imagenes/Models/Model_pump/fractal_pump_model_y_5.pdf>
Package pdftex.def Info: Imagenes/Models/Model_pump/fractal_pump_model_y_5.pdf  used on input line 158.
(pdftex.def)             Requested size: 86.72267pt x 86.71805pt.
<Imagenes/Models/Model_pump/fractal_pump_model_y_8.pdf, id=376, 505.89pt x 505.89pt>
File: Imagenes/Models/Model_pump/fractal_pump_model_y_8.pdf Graphic file (type pdf)
<use Imagenes/Models/Model_pump/fractal_pump_model_y_8.pdf>
Package pdftex.def Info: Imagenes/Models/Model_pump/fractal_pump_model_y_8.pdf  used on input line 163.
(pdftex.def)             Requested size: 86.72267pt x 86.71805pt.
<Imagenes/Models/Model_pump/fractal_pump_model_y_11.pdf, id=377, 505.89pt x 505.89pt>
File: Imagenes/Models/Model_pump/fractal_pump_model_y_11.pdf Graphic file (type pdf)
<use Imagenes/Models/Model_pump/fractal_pump_model_y_11.pdf>
Package pdftex.def Info: Imagenes/Models/Model_pump/fractal_pump_model_y_11.pdf  used on input line 168.
(pdftex.def)             Requested size: 86.72267pt x 86.71805pt.
<Imagenes/Models/Model_pump/fractal_pump_model_y_16.pdf, id=378, 505.89pt x 505.89pt>
File: Imagenes/Models/Model_pump/fractal_pump_model_y_16.pdf Graphic file (type pdf)
<use Imagenes/Models/Model_pump/fractal_pump_model_y_16.pdf>
Package pdftex.def Info: Imagenes/Models/Model_pump/fractal_pump_model_y_16.pdf  used on input line 173.
(pdftex.def)             Requested size: 86.72267pt x 86.71805pt.
LaTeX Info: Redefining \. on input line 182.
LaTeX Info: Redefining \% on input line 182.
 [28]

LaTeX Warning: `!h' float specifier changed to `!ht'.

))
LaTeX Info: Redefining \. on input line 111.
LaTeX Info: Redefining \% on input line 111.
 [29]
LaTeX Info: Redefining \. on input line 111.
LaTeX Info: Redefining \% on input line 111.
 [30 <./Imagenes/Models/Model_pump/square_pump_model_xy_0.pdf> <./Imagenes/Models/Model_pump/square_pump_model_xy_5.pdf> <./Imagenes/Models/Model_pump/square_pump_model_xy_8.pdf> <./Imagenes/Models/Model_pump/square_pump_model_xy_11.pdf> <./Imagenes/Models/Model_pump/square_pump_model_xy_16.pdf> <./Imagenes/Models/Model_pump/fractal_pump_model_xy_0.pdf> <./Imagenes/Models/Model_pump/fractal_pump_model_xy_5.pdf> <./Imagenes/Models/Model_pump/fractal_pump_model_xy_8.pdf> <./Imagenes/Models/Model_pump/fractal_pump_model_xy_11.pdf> <./Imagenes/Models/Model_pump/fractal_pump_model_xy_16.pdf> <./Imagenes/Models/Model_pump/square_pump_model_x_0.pdf> <./Imagenes/Models/Model_pump/square_pump_model_x_5.pdf> <./Imagenes/Models/Model_pump/square_pump_model_x_8.pdf> <./Imagenes/Models/Model_pump/square_pump_model_x_11.pdf> <./Imagenes/Models/Model_pump/square_pump_model_x_16.pdf> <./Imagenes/Models/Model_pump/fractal_pump_model_x_0.pdf> <./Imagenes/Models/Model_pump/fractal_pump_model_x_5.pdf> <./Imagenes/Models/Model_pump/fractal_pump_model_x_8.pdf> <./Imagenes/Models/Model_pump/fractal_pump_model_x_11.pdf> <./Imagenes/Models/Model_pump/fractal_pump_model_x_16.pdf> <./Imagenes/Models/Model_pump/square_pump_model_y_0.pdf> <./Imagenes/Models/Model_pump/square_pump_model_y_5.pdf> <./Imagenes/Models/Model_pump/square_pump_model_y_8.pdf> <./Imagenes/Models/Model_pump/square_pump_model_y_11.pdf> <./Imagenes/Models/Model_pump/square_pump_model_y_16.pdf> <./Imagenes/Models/Model_pump/fractal_pump_model_y_0.pdf> <./Imagenes/Models/Model_pump/fractal_pump_model_y_5.pdf> <./Imagenes/Models/Model_pump/fractal_pump_model_y_8.pdf> <./Imagenes/Models/Model_pump/fractal_pump_model_y_11.pdf> <./Imagenes/Models/Model_pump/fractal_pump_model_y_16.pdf>]
\openout2 = `Cap4_Resultados.aux'.

 (./Cap4_Resultados.tex
Cap\'{\i }tulo 4.
(./Images_Resultados/Dos_Cuadrado.tex
<Imagenes/Resultados_Hoti_Cuadrado/bars_square1.pdf, id=449, 433.62pt x 433.62pt>
File: Imagenes/Resultados_Hoti_Cuadrado/bars_square1.pdf Graphic file (type pdf)
<use Imagenes/Resultados_Hoti_Cuadrado/bars_square1.pdf>
Package pdftex.def Info: Imagenes/Resultados_Hoti_Cuadrado/bars_square1.pdf  used on input line 6.
(pdftex.def)             Requested size: 130.08733pt x 130.087pt.
<Imagenes/Resultados_Hoti_Cuadrado/bars_square2.pdf, id=450, 433.62pt x 433.62pt>
File: Imagenes/Resultados_Hoti_Cuadrado/bars_square2.pdf Graphic file (type pdf)
<use Imagenes/Resultados_Hoti_Cuadrado/bars_square2.pdf>
Package pdftex.def Info: Imagenes/Resultados_Hoti_Cuadrado/bars_square2.pdf  used on input line 11.
(pdftex.def)             Requested size: 130.08733pt x 130.087pt.
<Imagenes/Resultados_Hoti_Cuadrado/bars_square3.pdf, id=451, 433.62pt x 433.62pt>
File: Imagenes/Resultados_Hoti_Cuadrado/bars_square3.pdf Graphic file (type pdf)
<use Imagenes/Resultados_Hoti_Cuadrado/bars_square3.pdf>
Package pdftex.def Info: Imagenes/Resultados_Hoti_Cuadrado/bars_square3.pdf  used on input line 16.
(pdftex.def)             Requested size: 130.08733pt x 130.087pt.
)

LaTeX Warning: Reference `fig:Dos_Cuadrado' on page 31 undefined on input line 18.


LaTeX Warning: Reference `Modelo_SSH_square_and_Fractal' on page 31 undefined on input line 18.


LaTeX Warning: Reference `fig:Dos_Cuadrado' on page 31 undefined on input line 18.

./Cap4_Resultados.tex:18: Undefined control sequence.
l.18 ...a/\lambda>1$ \ref{fig:Dos_Cuadrado} \texbf
                                                  {c)} podemos ver un claro ...
The control sequence at the end of the top line
of your error message was never \def'ed. If you have
misspelled it (e.g., `\hobx'), type `I' and the correct
spelling (e.g., `I\hbox'). Otherwise just continue,
and I'll forget about whatever was undefined.


LaTeX Warning: Reference `fig:Dos_Cuadrado' on page 31 undefined on input line 18.

./Cap4_Resultados.tex:18: Undefined control sequence.
l.18 ...a/\lambda<1$ \ref{fig:Dos_Cuadrado} \texbf
                                                  {a)} aparecen 4 estados de...
The control sequence at the end of the top line
of your error message was never \def'ed. If you have
misspelled it (e.g., `\hobx'), type `I' and the correct
spelling (e.g., `I\hbox'). Otherwise just continue,
and I'll forget about whatever was undefined.


LaTeX Warning: Reference `fig:Dos_Cuadrado' on page 31 undefined on input line 18.

./Cap4_Resultados.tex:18: Undefined control sequence.
l.18 ...figura \ref{fig:Dos_Cuadrado} para  \texbf
                                                  {a)} $\gamma/\lambda = 1$ ...
The control sequence at the end of the top line
of your error message was never \def'ed. If you have
misspelled it (e.g., `\hobx'), type `I' and the correct
spelling (e.g., `I\hbox'). Otherwise just continue,
and I'll forget about whatever was undefined.

[31




 <./Imagenes/Resultados_Hoti_Cuadrado/bars_square1.pdf> <./Imagenes/Resultados_Hoti_Cuadrado/bars_square2.pdf> <./Imagenes/Resultados_Hoti_Cuadrado/bars_square3.pdf>] (./Images_Resultados/Pram_Proy_Cuadrado.tex
<Imagenes/Resultados_Hoti_Cuadrado/bands_square_shh.pdf, id=485, 433.62pt x 433.62pt>
File: Imagenes/Resultados_Hoti_Cuadrado/bands_square_shh.pdf Graphic file (type pdf)
<use Imagenes/Resultados_Hoti_Cuadrado/bands_square_shh.pdf>
Package pdftex.def Info: Imagenes/Resultados_Hoti_Cuadrado/bands_square_shh.pdf  used on input line 6.
(pdftex.def)             Requested size: 190.79385pt x 190.79338pt.
<Imagenes/Resultados_Hoti_Cuadrado/proyection_square.pdf, id=486, 578.16pt x 433.62pt>
File: Imagenes/Resultados_Hoti_Cuadrado/proyection_square.pdf Graphic file (type pdf)
<use Imagenes/Resultados_Hoti_Cuadrado/proyection_square.pdf>
Package pdftex.def Info: Imagenes/Resultados_Hoti_Cuadrado/proyection_square.pdf  used on input line 11.
(pdftex.def)             Requested size: 242.82614pt x 182.11916pt.

Overfull \hbox (28.71523pt too wide) in paragraph at lines 4--14
 []$[]$|  $[]$|   
 []

)

LaTeX Warning: Reference `fig:Pram_Proy_cuadrado' on page 32 undefined on input line 25.

./Cap4_Resultados.tex:25: Undefined control sequence.
l.25 ...Figura \ref{fig:Pram_Proy_cuadrado} \texbf
                                                  {(a)}. Las energas centr...
The control sequence at the end of the top line
of your error message was never \def'ed. If you have
misspelled it (e.g., `\hobx'), type `I' and the correct
spelling (e.g., `I\hbox'). Otherwise just continue,
and I'll forget about whatever was undefined.


LaTeX Warning: Reference `fig:Pram_Proy_cuadrado' on page 32 undefined on input line 25.

./Cap4_Resultados.tex:25: Undefined control sequence.
l.25 ...figura \ref{fig:Pram_Proy_cuadrado} \texbf
                                                  {(b)} donde las densidades...
The control sequence at the end of the top line
of your error message was never \def'ed. If you have
misspelled it (e.g., `\hobx'), type `I' and the correct
spelling (e.g., `I\hbox'). Otherwise just continue,
and I'll forget about whatever was undefined.


LaTeX Warning: Reference `fig:para_proy_Delta_fractal' on page 32 undefined on input line 27.

./Cap4_Resultados.tex:27: Undefined control sequence.
l.27 ...a \ref{fig:para_proy_Delta_fractal} \texbf
                                                  {(a)-(e)} donde las pertur...
The control sequence at the end of the top line
of your error message was never \def'ed. If you have
misspelled it (e.g., `\hobx'), type `I' and the correct
spelling (e.g., `I\hbox'). Otherwise just continue,
and I'll forget about whatever was undefined.

LaTeX Info: Redefining \. on input line 28.
LaTeX Info: Redefining \% on input line 28.
[32 <./Imagenes/Resultados_Hoti_Cuadrado/bands_square_shh.pdf> <./Imagenes/Resultados_Hoti_Cuadrado/proyection_square.pdf>] (./Images_Resultados/Pram_Proy_Delta_Cuadrado.tex
<Imagenes/Resultados_Hoti_Cuadrado/bands_square_shh_0.01.pdf, id=515, 433.62pt x 433.62pt>
File: Imagenes/Resultados_Hoti_Cuadrado/bands_square_shh_0.01.pdf Graphic file (type pdf)
<use Imagenes/Resultados_Hoti_Cuadrado/bands_square_shh_0.01.pdf>
Package pdftex.def Info: Imagenes/Resultados_Hoti_Cuadrado/bands_square_shh_0.01.pdf  used on input line 8.
(pdftex.def)             Requested size: 133.55511pt x 133.55405pt.
<Imagenes/Resultados_Hoti_Cuadrado/proyection_square_0.01.pdf, id=516, 578.16pt x 433.62pt>
File: Imagenes/Resultados_Hoti_Cuadrado/proyection_square_0.01.pdf Graphic file (type pdf)
<use Imagenes/Resultados_Hoti_Cuadrado/proyection_square_0.01.pdf>
Package pdftex.def Info: Imagenes/Resultados_Hoti_Cuadrado/proyection_square_0.01.pdf  used on input line 13.
(pdftex.def)             Requested size: 169.97754pt x 127.4801pt.
<Imagenes/Resultados_Hoti_Cuadrado/bands_square_shh_0.05.pdf, id=517, 433.62pt x 433.62pt>
File: Imagenes/Resultados_Hoti_Cuadrado/bands_square_shh_0.05.pdf Graphic file (type pdf)
<use Imagenes/Resultados_Hoti_Cuadrado/bands_square_shh_0.05.pdf>
Package pdftex.def Info: Imagenes/Resultados_Hoti_Cuadrado/bands_square_shh_0.05.pdf  used on input line 21.
(pdftex.def)             Requested size: 133.55511pt x 133.55405pt.
<Imagenes/Resultados_Hoti_Cuadrado/proyection_square_0.05.pdf, id=518, 578.16pt x 433.62pt>
File: Imagenes/Resultados_Hoti_Cuadrado/proyection_square_0.05.pdf Graphic file (type pdf)
<use Imagenes/Resultados_Hoti_Cuadrado/proyection_square_0.05.pdf>
Package pdftex.def Info: Imagenes/Resultados_Hoti_Cuadrado/proyection_square_0.05.pdf  used on input line 26.
(pdftex.def)             Requested size: 169.97754pt x 127.4801pt.
<Imagenes/Resultados_Hoti_Cuadrado/bands_square_shh_0.1.pdf, id=519, 433.62pt x 433.62pt>
File: Imagenes/Resultados_Hoti_Cuadrado/bands_square_shh_0.1.pdf Graphic file (type pdf)
<use Imagenes/Resultados_Hoti_Cuadrado/bands_square_shh_0.1.pdf>
Package pdftex.def Info: Imagenes/Resultados_Hoti_Cuadrado/bands_square_shh_0.1.pdf  used on input line 34.
(pdftex.def)             Requested size: 133.55511pt x 133.55405pt.
<Imagenes/Resultados_Hoti_Cuadrado/proyection_square_0.1.pdf, id=520, 578.16pt x 433.62pt>
File: Imagenes/Resultados_Hoti_Cuadrado/proyection_square_0.1.pdf Graphic file (type pdf)
<use Imagenes/Resultados_Hoti_Cuadrado/proyection_square_0.1.pdf>
Package pdftex.def Info: Imagenes/Resultados_Hoti_Cuadrado/proyection_square_0.1.pdf  used on input line 39.
(pdftex.def)             Requested size: 169.97754pt x 127.4801pt.
<Imagenes/Resultados_Hoti_Cuadrado/bands_square_shh_0.3.pdf, id=521, 433.62pt x 433.62pt>
File: Imagenes/Resultados_Hoti_Cuadrado/bands_square_shh_0.3.pdf Graphic file (type pdf)
<use Imagenes/Resultados_Hoti_Cuadrado/bands_square_shh_0.3.pdf>
Package pdftex.def Info: Imagenes/Resultados_Hoti_Cuadrado/bands_square_shh_0.3.pdf  used on input line 47.
(pdftex.def)             Requested size: 133.55511pt x 133.55405pt.
<Imagenes/Resultados_Hoti_Cuadrado/proyection_square_0.3.pdf, id=522, 578.16pt x 433.62pt>
File: Imagenes/Resultados_Hoti_Cuadrado/proyection_square_0.3.pdf Graphic file (type pdf)
<use Imagenes/Resultados_Hoti_Cuadrado/proyection_square_0.3.pdf>
Package pdftex.def Info: Imagenes/Resultados_Hoti_Cuadrado/proyection_square_0.3.pdf  used on input line 52.
(pdftex.def)             Requested size: 169.97754pt x 127.4801pt.
<Imagenes/Resultados_Hoti_Cuadrado/bands_square_shh_0.5.pdf, id=523, 433.62pt x 433.62pt>
File: Imagenes/Resultados_Hoti_Cuadrado/bands_square_shh_0.5.pdf Graphic file (type pdf)
<use Imagenes/Resultados_Hoti_Cuadrado/bands_square_shh_0.5.pdf>
Package pdftex.def Info: Imagenes/Resultados_Hoti_Cuadrado/bands_square_shh_0.5.pdf  used on input line 60.
(pdftex.def)             Requested size: 133.55511pt x 133.55405pt.
<Imagenes/Resultados_Hoti_Cuadrado/proyection_square_0.5.pdf, id=524, 578.16pt x 433.62pt>
File: Imagenes/Resultados_Hoti_Cuadrado/proyection_square_0.5.pdf Graphic file (type pdf)
<use Imagenes/Resultados_Hoti_Cuadrado/proyection_square_0.5.pdf>
Package pdftex.def Info: Imagenes/Resultados_Hoti_Cuadrado/proyection_square_0.5.pdf  used on input line 65.
(pdftex.def)             Requested size: 169.97754pt x 127.4801pt.


LaTeX Warning: Float too large for page by 31.17714pt on input line 73.


LaTeX Warning: `!h' float specifier changed to `!ht'.

) (./Images_Resultados/Dos_Fractal.tex
<Imagenes/Resultados_Hoti_Fractal/bars_square1.pdf, id=525, 433.62pt x 433.62pt>
File: Imagenes/Resultados_Hoti_Fractal/bars_square1.pdf Graphic file (type pdf)
<use Imagenes/Resultados_Hoti_Fractal/bars_square1.pdf>
Package pdftex.def Info: Imagenes/Resultados_Hoti_Fractal/bars_square1.pdf  used on input line 6.
(pdftex.def)             Requested size: 130.08733pt x 130.087pt.
<Imagenes/Resultados_Hoti_Fractal/bars_square2.pdf, id=526, 433.62pt x 433.62pt>
File: Imagenes/Resultados_Hoti_Fractal/bars_square2.pdf Graphic file (type pdf)
<use Imagenes/Resultados_Hoti_Fractal/bars_square2.pdf>
Package pdftex.def Info: Imagenes/Resultados_Hoti_Fractal/bars_square2.pdf  used on input line 11.
(pdftex.def)             Requested size: 130.08733pt x 130.087pt.
<Imagenes/Resultados_Hoti_Fractal/bars_square3.pdf, id=527, 433.62pt x 433.62pt>
File: Imagenes/Resultados_Hoti_Fractal/bars_square3.pdf Graphic file (type pdf)
<use Imagenes/Resultados_Hoti_Fractal/bars_square3.pdf>
Package pdftex.def Info: Imagenes/Resultados_Hoti_Fractal/bars_square3.pdf  used on input line 16.
(pdftex.def)             Requested size: 130.08733pt x 130.087pt.


LaTeX Warning: `!h' float specifier changed to `!ht'.

)

LaTeX Warning: Reference `fig:Dos_fractal' on page 33 undefined on input line 39.


LaTeX Warning: Reference `fig:Param_Proy_fractal' on page 33 undefined on input line 39.


LaTeX Warning: Reference `fig:Param_Proy_fractal' on page 33 undefined on input line 39.


LaTeX Warning: Reference `fig:Param_Proy_fractal' on page 33 undefined on input line 39.

(./Images_Resultados/Pram_Proy_Fractal.tex
<Imagenes/Resultados_Hoti_Fractal/bands_square_shh.pdf, id=528, 433.62pt x 433.62pt>
File: Imagenes/Resultados_Hoti_Fractal/bands_square_shh.pdf Graphic file (type pdf)
<use Imagenes/Resultados_Hoti_Fractal/bands_square_shh.pdf>
Package pdftex.def Info: Imagenes/Resultados_Hoti_Fractal/bands_square_shh.pdf  used on input line 6.
(pdftex.def)             Requested size: 130.08733pt x 130.087pt.
<Imagenes/Resultados_Hoti_Fractal/bands_square_shh_log.pdf, id=529, 433.62pt x 433.62pt>
File: Imagenes/Resultados_Hoti_Fractal/bands_square_shh_log.pdf Graphic file (type pdf)
<use Imagenes/Resultados_Hoti_Fractal/bands_square_shh_log.pdf>
Package pdftex.def Info: Imagenes/Resultados_Hoti_Fractal/bands_square_shh_log.pdf  used on input line 11.
(pdftex.def)             Requested size: 130.08733pt x 130.087pt.
<Imagenes/Resultados_Hoti_Fractal/proyection_square.pdf, id=530, 578.16pt x 433.62pt>
File: Imagenes/Resultados_Hoti_Fractal/proyection_square.pdf Graphic file (type pdf)
<use Imagenes/Resultados_Hoti_Fractal/proyection_square.pdf>
Package pdftex.def Info: Imagenes/Resultados_Hoti_Fractal/proyection_square.pdf  used on input line 16.
(pdftex.def)             Requested size: 173.44534pt x 130.08038pt.


LaTeX Warning: `!h' float specifier changed to `!ht'.

)

LaTeX Warning: Reference `fig:para_proy_Delta_fractal' on page 33 undefined on input line 45.

LaTeX Info: Redefining \. on input line 46.
LaTeX Info: Redefining \% on input line 46.
[33] (./Images_Resultados/Pram_Proy_Delta_Fractal.tex
<Imagenes/Resultados_Hoti_Fractal/bands_square_shh_0.05.pdf, id=534, 433.62pt x 433.62pt>
File: Imagenes/Resultados_Hoti_Fractal/bands_square_shh_0.05.pdf Graphic file (type pdf)
<use Imagenes/Resultados_Hoti_Fractal/bands_square_shh_0.05.pdf>
Package pdftex.def Info: Imagenes/Resultados_Hoti_Fractal/bands_square_shh_0.05.pdf  used on input line 7.
(pdftex.def)             Requested size: 117.07779pt x 117.07234pt.
<Imagenes/Resultados_Hoti_Fractal/bands_square_shh_log0.05.pdf, id=535, 433.62pt x 433.62pt>
File: Imagenes/Resultados_Hoti_Fractal/bands_square_shh_log0.05.pdf Graphic file (type pdf)
<use Imagenes/Resultados_Hoti_Fractal/bands_square_shh_log0.05.pdf>
Package pdftex.def Info: Imagenes/Resultados_Hoti_Fractal/bands_square_shh_log0.05.pdf  used on input line 12.
(pdftex.def)             Requested size: 117.07779pt x 117.07234pt.
<Imagenes/Resultados_Hoti_Fractal/proyection_square_0.05.pdf, id=536, 578.16pt x 433.62pt>
File: Imagenes/Resultados_Hoti_Fractal/proyection_square_0.05.pdf Graphic file (type pdf)
<use Imagenes/Resultados_Hoti_Fractal/proyection_square_0.05.pdf>
Package pdftex.def Info: Imagenes/Resultados_Hoti_Fractal/proyection_square_0.05.pdf  used on input line 17.
(pdftex.def)             Requested size: 156.09975pt x 117.07234pt.
<Imagenes/Resultados_Hoti_Fractal/bands_square_shh_0.1.pdf, id=537, 433.62pt x 433.62pt>
File: Imagenes/Resultados_Hoti_Fractal/bands_square_shh_0.1.pdf Graphic file (type pdf)
<use Imagenes/Resultados_Hoti_Fractal/bands_square_shh_0.1.pdf>
Package pdftex.def Info: Imagenes/Resultados_Hoti_Fractal/bands_square_shh_0.1.pdf  used on input line 25.
(pdftex.def)             Requested size: 117.07779pt x 117.07234pt.
<Imagenes/Resultados_Hoti_Fractal/bands_square_shh_log0.1.pdf, id=538, 433.62pt x 433.62pt>
File: Imagenes/Resultados_Hoti_Fractal/bands_square_shh_log0.1.pdf Graphic file (type pdf)
<use Imagenes/Resultados_Hoti_Fractal/bands_square_shh_log0.1.pdf>
Package pdftex.def Info: Imagenes/Resultados_Hoti_Fractal/bands_square_shh_log0.1.pdf  used on input line 30.
(pdftex.def)             Requested size: 117.07779pt x 117.07234pt.
<Imagenes/Resultados_Hoti_Fractal/proyection_square_0.1.pdf, id=539, 578.16pt x 433.62pt>
File: Imagenes/Resultados_Hoti_Fractal/proyection_square_0.1.pdf Graphic file (type pdf)
<use Imagenes/Resultados_Hoti_Fractal/proyection_square_0.1.pdf>
Package pdftex.def Info: Imagenes/Resultados_Hoti_Fractal/proyection_square_0.1.pdf  used on input line 35.
(pdftex.def)             Requested size: 156.09975pt x 117.07234pt.
<Imagenes/Resultados_Hoti_Fractal/bands_square_shh_0.2.pdf, id=540, 433.62pt x 433.62pt>
File: Imagenes/Resultados_Hoti_Fractal/bands_square_shh_0.2.pdf Graphic file (type pdf)
<use Imagenes/Resultados_Hoti_Fractal/bands_square_shh_0.2.pdf>
Package pdftex.def Info: Imagenes/Resultados_Hoti_Fractal/bands_square_shh_0.2.pdf  used on input line 43.
(pdftex.def)             Requested size: 117.07779pt x 117.07234pt.
<Imagenes/Resultados_Hoti_Fractal/bands_square_shh_log0.2.pdf, id=541, 433.62pt x 433.62pt>
File: Imagenes/Resultados_Hoti_Fractal/bands_square_shh_log0.2.pdf Graphic file (type pdf)
<use Imagenes/Resultados_Hoti_Fractal/bands_square_shh_log0.2.pdf>
Package pdftex.def Info: Imagenes/Resultados_Hoti_Fractal/bands_square_shh_log0.2.pdf  used on input line 48.
(pdftex.def)             Requested size: 117.07779pt x 117.07234pt.
<Imagenes/Resultados_Hoti_Fractal/proyection_square_0.2.pdf, id=542, 578.16pt x 433.62pt>
File: Imagenes/Resultados_Hoti_Fractal/proyection_square_0.2.pdf Graphic file (type pdf)
<use Imagenes/Resultados_Hoti_Fractal/proyection_square_0.2.pdf>
Package pdftex.def Info: Imagenes/Resultados_Hoti_Fractal/proyection_square_0.2.pdf  used on input line 53.
(pdftex.def)             Requested size: 156.09975pt x 117.07234pt.
<Imagenes/Resultados_Hoti_Fractal/bands_square_shh_0.3.pdf, id=543, 433.62pt x 433.62pt>
File: Imagenes/Resultados_Hoti_Fractal/bands_square_shh_0.3.pdf Graphic file (type pdf)
<use Imagenes/Resultados_Hoti_Fractal/bands_square_shh_0.3.pdf>
Package pdftex.def Info: Imagenes/Resultados_Hoti_Fractal/bands_square_shh_0.3.pdf  used on input line 61.
(pdftex.def)             Requested size: 117.07779pt x 117.07234pt.
<Imagenes/Resultados_Hoti_Fractal/bands_square_shh_log0.3.pdf, id=544, 433.62pt x 433.62pt>
File: Imagenes/Resultados_Hoti_Fractal/bands_square_shh_log0.3.pdf Graphic file (type pdf)
<use Imagenes/Resultados_Hoti_Fractal/bands_square_shh_log0.3.pdf>
Package pdftex.def Info: Imagenes/Resultados_Hoti_Fractal/bands_square_shh_log0.3.pdf  used on input line 66.
(pdftex.def)             Requested size: 117.07779pt x 117.07234pt.
<Imagenes/Resultados_Hoti_Fractal/proyection_square_0.3.pdf, id=545, 578.16pt x 433.62pt>
File: Imagenes/Resultados_Hoti_Fractal/proyection_square_0.3.pdf Graphic file (type pdf)
<use Imagenes/Resultados_Hoti_Fractal/proyection_square_0.3.pdf>
Package pdftex.def Info: Imagenes/Resultados_Hoti_Fractal/proyection_square_0.3.pdf  used on input line 71.
(pdftex.def)             Requested size: 156.09975pt x 117.07234pt.
<Imagenes/Resultados_Hoti_Fractal/bands_square_shh_0.5.pdf, id=546, 433.62pt x 433.62pt>
File: Imagenes/Resultados_Hoti_Fractal/bands_square_shh_0.5.pdf Graphic file (type pdf)
<use Imagenes/Resultados_Hoti_Fractal/bands_square_shh_0.5.pdf>
Package pdftex.def Info: Imagenes/Resultados_Hoti_Fractal/bands_square_shh_0.5.pdf  used on input line 79.
(pdftex.def)             Requested size: 117.07779pt x 117.07234pt.
<Imagenes/Resultados_Hoti_Fractal/bands_square_shh_log0.5.pdf, id=547, 433.62pt x 433.62pt>
File: Imagenes/Resultados_Hoti_Fractal/bands_square_shh_log0.5.pdf Graphic file (type pdf)
<use Imagenes/Resultados_Hoti_Fractal/bands_square_shh_log0.5.pdf>
Package pdftex.def Info: Imagenes/Resultados_Hoti_Fractal/bands_square_shh_log0.5.pdf  used on input line 84.
(pdftex.def)             Requested size: 117.07779pt x 117.07234pt.
<Imagenes/Resultados_Hoti_Fractal/proyection_square_0.5.pdf, id=548, 578.16pt x 433.62pt>
File: Imagenes/Resultados_Hoti_Fractal/proyection_square_0.5.pdf Graphic file (type pdf)
<use Imagenes/Resultados_Hoti_Fractal/proyection_square_0.5.pdf>
Package pdftex.def Info: Imagenes/Resultados_Hoti_Fractal/proyection_square_0.5.pdf  used on input line 89.
(pdftex.def)             Requested size: 156.09975pt x 117.07234pt.


LaTeX Warning: `!h' float specifier changed to `!ht'.

)

LaTeX Warning: Reference `fig:Pump_cuadrado_x' on page 34 undefined on input line 54.


LaTeX Warning: Reference `fig:Pump_cuadrado_y' on page 34 undefined on input line 54.


LaTeX Warning: Reference `fig:Pump_cuadrado_xy' on page 34 undefined on input line 54.


LaTeX Warning: Reference `fig:Proy_pump_xy' on page 34 undefined on input line 55.

LaTeX Info: Redefining \. on input line 56.
LaTeX Info: Redefining \% on input line 56.
[34]

LaTeX Warning: Reference `fig:Proy_pump_xy' on page 35 undefined on input line 57.


LaTeX Warning: Reference `eq:current_density_cell' on page 35 undefined on input line 57.


LaTeX Warning: Reference `fig:Pump_cuadrado_xy' on page 35 undefined on input line 63.


LaTeX Warning: Reference `eq:current_density_cuadrant' on page 35 undefined on input line 63.


LaTeX Warning: Reference `fig:Pump_cuadrado_xy' on page 35 undefined on input line 70.

./Cap4_Resultados.tex:70: Undefined control sequence.
l.70 ...a figura \ref{fig:Pump_cuadrado_xy} \texbf
                                                  {(e)} muestra en negro el ...
The control sequence at the end of the top line
of your error message was never \def'ed. If you have
misspelled it (e.g., `\hobx'), type `I' and the correct
spelling (e.g., `I\hbox'). Otherwise just continue,
and I'll forget about whatever was undefined.

LaTeX Info: Redefining \. on input line 71.
LaTeX Info: Redefining \% on input line 71.
[35]

LaTeX Warning: Reference `fig:Pump_cuadrado_x' on page 36 undefined on input line 72.

./Cap4_Resultados.tex:72: Undefined control sequence.
l.72 ...s figuras \ref{fig:Pump_cuadrado_x} \texbf
                                                  {(e)} y \ref{fig:Pump_cuad...
The control sequence at the end of the top line
of your error message was never \def'ed. If you have
misspelled it (e.g., `\hobx'), type `I' and the correct
spelling (e.g., `I\hbox'). Otherwise just continue,
and I'll forget about whatever was undefined.


LaTeX Warning: Reference `fig:Pump_cuadrado_x' on page 36 undefined on input line 72.

./Cap4_Resultados.tex:72: Undefined control sequence.
l.72 ...bf{(e)} y \ref{fig:Pump_cuadrado_x} \texbf
                                                  {(e)} se puede ver clarame...
The control sequence at the end of the top line
of your error message was never \def'ed. If you have
misspelled it (e.g., `\hobx'), type `I' and the correct
spelling (e.g., `I\hbox'). Otherwise just continue,
and I'll forget about whatever was undefined.


LaTeX Warning: Reference `fig:Proy_pump_x' on page 36 undefined on input line 72.


LaTeX Warning: Reference `fig:Proy_pump_y' on page 36 undefined on input line 72.


LaTeX Warning: Reference `fig:Proy_pump_x' on page 36 undefined on input line 72.

(./Images_Resultados/Pump_cuadrado_xy.tex
<Imagenes/Resultados_pump_Cuadrado/xy/param_pump_A=0.5.pdf, id=555, 433.62pt x 433.62pt>
File: Imagenes/Resultados_pump_Cuadrado/xy/param_pump_A=0.5.pdf Graphic file (type pdf)
<use Imagenes/Resultados_pump_Cuadrado/xy/param_pump_A=0.5.pdf>
Package pdftex.def Info: Imagenes/Resultados_pump_Cuadrado/xy/param_pump_A=0.5.pdf  used on input line 7.
(pdftex.def)             Requested size: 130.08733pt x 130.087pt.
<Imagenes/Resultados_pump_Cuadrado/xy/current_square_pump.pdf, id=556, 505.89pt x 433.62pt>
File: Imagenes/Resultados_pump_Cuadrado/xy/current_square_pump.pdf Graphic file (type pdf)
<use Imagenes/Resultados_pump_Cuadrado/xy/current_square_pump.pdf>
Package pdftex.def Info: Imagenes/Resultados_pump_Cuadrado/xy/current_square_pump.pdf  used on input line 12.
(pdftex.def)             Requested size: 151.76964pt x 130.087pt.
<Imagenes/Resultados_pump_Cuadrado/xy/current_square_pump_neg.pdf, id=557, 505.89pt x 433.62pt>
File: Imagenes/Resultados_pump_Cuadrado/xy/current_square_pump_neg.pdf Graphic file (type pdf)
<use Imagenes/Resultados_pump_Cuadrado/xy/current_square_pump_neg.pdf>
Package pdftex.def Info: Imagenes/Resultados_pump_Cuadrado/xy/current_square_pump_neg.pdf  used on input line 17.
(pdftex.def)             Requested size: 151.76964pt x 130.087pt.
<Imagenes/Resultados_pump_Cuadrado/xy/current_square_pump_pn.pdf, id=558, 505.89pt x 433.62pt>
File: Imagenes/Resultados_pump_Cuadrado/xy/current_square_pump_pn.pdf Graphic file (type pdf)
<use Imagenes/Resultados_pump_Cuadrado/xy/current_square_pump_pn.pdf>
Package pdftex.def Info: Imagenes/Resultados_pump_Cuadrado/xy/current_square_pump_pn.pdf  used on input line 26.
(pdftex.def)             Requested size: 160.43729pt x 137.51733pt.
<Imagenes/Resultados_pump_Cuadrado/xy/wannier_center.pdf, id=559, 722.7pt x 361.35pt>
File: Imagenes/Resultados_pump_Cuadrado/xy/wannier_center.pdf Graphic file (type pdf)
<use Imagenes/Resultados_pump_Cuadrado/xy/wannier_center.pdf>
Package pdftex.def Info: Imagenes/Resultados_pump_Cuadrado/xy/wannier_center.pdf  used on input line 31.
(pdftex.def)             Requested size: 273.18271pt x 136.59212pt.


LaTeX Warning: `!h' float specifier changed to `!ht'.

) (./Images_Resultados/Pump_cuadrado_xy_proy.tex
<Imagenes/Resultados_pump_Cuadrado/xy/hoti_pomp_xy_pos1.pdf, id=560, 505.89pt x 505.89pt>
File: Imagenes/Resultados_pump_Cuadrado/xy/hoti_pomp_xy_pos1.pdf Graphic file (type pdf)
<use Imagenes/Resultados_pump_Cuadrado/xy/hoti_pomp_xy_pos1.pdf>
Package pdftex.def Info: Imagenes/Resultados_pump_Cuadrado/xy/hoti_pomp_xy_pos1.pdf  used on input line 7.
(pdftex.def)             Requested size: 95.39546pt x 95.39449pt.
<Imagenes/Resultados_pump_Cuadrado/xy/hoti_pomp_xy_pos2.pdf, id=561, 505.89pt x 505.89pt>
File: Imagenes/Resultados_pump_Cuadrado/xy/hoti_pomp_xy_pos2.pdf Graphic file (type pdf)
<use Imagenes/Resultados_pump_Cuadrado/xy/hoti_pomp_xy_pos2.pdf>
Package pdftex.def Info: Imagenes/Resultados_pump_Cuadrado/xy/hoti_pomp_xy_pos2.pdf  used on input line 11.
(pdftex.def)             Reques